{"synthetic": false,
 "schemaVersion": "2025-09-10",
 "outputs":
 {"o": ["6ee4c54d1cdea918.olean"],
  "i": "db0730efd73e7b95.ilean",
  "c": "351170c6e36d706a.c"},
 "log":
 [{"message":
   ".> LEAN_PATH=G:\\My Drive\\Years\\6\\Fall\\Tez\\Lean\\hoare_incorrectness_research\\.lake\\build\\lib\\lean c:\\Users\\Osman\\.elan\\toolchains\\leanprover--lean4---v4.26.0\\bin\\lean.exe G:\\My Drive\\Years\\6\\Fall\\Tez\\Lean\\hoare_incorrectness_research\\Hoare_Defs.lean -o G:\\My Drive\\Years\\6\\Fall\\Tez\\Lean\\hoare_incorrectness_research\\.lake\\build\\lib\\lean\\Hoare_Defs.olean -i G:\\My Drive\\Years\\6\\Fall\\Tez\\Lean\\hoare_incorrectness_research\\.lake\\build\\lib\\lean\\Hoare_Defs.ilean -c G:\\My Drive\\Years\\6\\Fall\\Tez\\Lean\\hoare_incorrectness_research\\.lake\\build\\ir\\Hoare_Defs.c --setup G:\\My Drive\\Years\\6\\Fall\\Tez\\Lean\\hoare_incorrectness_research\\.lake\\build\\ir\\Hoare_Defs.setup.json --json",
   "level": "trace"}],
 "inputs":
 [["Hoare_Defs:deps",
   [["deps",
     [["projem/Projem:extraDep", [["@projem:extraDep", "00000000000006bb"]]],
      ["imports",
       [["Language transitive imports (legacy)", "00000000000006bb"],
        ["Language:importAllArts", "12b8ec3e3984f1d7"]]]]],
    ["libs",
     [["import dynlibs", "00000000000006bb"],
      ["package external libraries", "00000000000006bb"],
      ["module dynlibs", "00000000000006bb"],
      ["module plugins", "00000000000006bb"]]]]],
  ["Lean 4.26.0, commit d8204c9fd894f91bbb2cdfec5912ec8196fd8562",
   "9c9419104e9584f8"],
  ["G:\\My Drive\\Years\\6\\Fall\\Tez\\Lean\\hoare_incorrectness_research\\Hoare_Defs.lean",
   "5b3ccf08f2131394"],
  ["options", "00000000000006bb"],
  ["Module.leanArgs: #[]", "00000000000006bb"]],
 "depHash": "6a71e54c4ca41e6c"}