{"synthetic": false,
 "schemaVersion": "2025-09-10",
 "outputs":
 {"o": ["6240675a33e433f5.olean"],
  "i": "656198f57e00ce89.ilean",
  "c": "f76a64dda277c999.c"},
 "log":
 [{"message":
   ".> LEAN_PATH=G:\\My Drive\\Years\\6\\Fall\\Tez\\Lean\\hoare_incorrectness_research\\.lake\\build\\lib\\lean c:\\Users\\Osman\\.elan\\toolchains\\leanprover--lean4---v4.26.0\\bin\\lean.exe G:\\My Drive\\Years\\6\\Fall\\Tez\\Lean\\hoare_incorrectness_research\\Language.lean -o G:\\My Drive\\Years\\6\\Fall\\Tez\\Lean\\hoare_incorrectness_research\\.lake\\build\\lib\\lean\\Language.olean -i G:\\My Drive\\Years\\6\\Fall\\Tez\\Lean\\hoare_incorrectness_research\\.lake\\build\\lib\\lean\\Language.ilean -c G:\\My Drive\\Years\\6\\Fall\\Tez\\Lean\\hoare_incorrectness_research\\.lake\\build\\ir\\Language.c --setup G:\\My Drive\\Years\\6\\Fall\\Tez\\Lean\\hoare_incorrectness_research\\.lake\\build\\ir\\Language.setup.json --json",
   "level": "trace"}],
 "inputs":
 [["Language:deps",
   [["deps",
     [["projem/Projem:extraDep", [["@projem:extraDep", "00000000000006bb"]]],
      ["imports", "00000000000006bb"]]],
    ["libs",
     [["import dynlibs", "00000000000006bb"],
      ["package external libraries", "00000000000006bb"],
      ["module dynlibs", "00000000000006bb"],
      ["module plugins", "00000000000006bb"]]]]],
  ["Lean 4.26.0, commit d8204c9fd894f91bbb2cdfec5912ec8196fd8562",
   "9c9419104e9584f8"],
  ["G:\\My Drive\\Years\\6\\Fall\\Tez\\Lean\\hoare_incorrectness_research\\Language.lean",
   "1a8d45912ca3d156"],
  ["options", "00000000000006bb"],
  ["Module.leanArgs: #[]", "00000000000006bb"]],
 "depHash": "088b0f22052503e4"}